<component name="libraryTable">
  <library name="junit.jupiter" type="repository">
    <properties maven-id="org.junit.jupiter:junit-jupiter:5.9.1" />
    <CLASSES />
    <JAVADOC />
    <SOURCES />
  </library>
</component>